cl : Command line warning D9002: ignoring unknown option '/arch:SSE2'
  ReSampler.cpp
e:\cpp_projects\resampler\resampler\resampler.cpp(119): warning C4307: '-': integral constant overflow
  e:\cpp_projects\resampler\resampler\resampler.cpp(69): note: see reference to function template instantiation 'bool Convert<float>(const std::string &,const std::string &,unsigned int,bool)' being compiled
e:\cpp_projects\resampler\resampler\resampler.cpp(149): warning C4244: '=': conversion from 'int' to 'float', possible loss of data
e:\cpp_projects\resampler\resampler\resampler.cpp(158): warning C4244: 'initializing': conversion from 'double' to 'int', possible loss of data
e:\cpp_projects\resampler\resampler\resampler.cpp(165): warning C4244: 'argument': conversion from 'int' to 'float', possible loss of data
e:\cpp_projects\resampler\resampler\resampler.cpp(169): warning C4244: 'argument': conversion from 'int' to 'float', possible loss of data
e:\cpp_projects\resampler\resampler\resampler.cpp(187): warning C4244: 'initializing': conversion from 'int' to 'float', possible loss of data
e:\cpp_projects\resampler\resampler\resampler.cpp(188): warning C4244: 'initializing': conversion from 'double' to 'float', possible loss of data
e:\cpp_projects\resampler\resampler\resampler.cpp(221): warning C4018: '<': signed/unsigned mismatch
e:\cpp_projects\resampler\resampler\resampler.cpp(222): warning C4244: 'argument': conversion from 'int' to 'float', possible loss of data
e:\cpp_projects\resampler\resampler\resampler.cpp(225): warning C4018: '<': signed/unsigned mismatch
e:\cpp_projects\resampler\resampler\resampler.cpp(227): warning C4244: '=': conversion from 'float' to 'int', possible loss of data
e:\cpp_projects\resampler\resampler\resampler.cpp(247): warning C4018: '<': signed/unsigned mismatch
e:\cpp_projects\resampler\resampler\resampler.cpp(249): warning C4244: 'argument': conversion from 'int' to 'float', possible loss of data
e:\cpp_projects\resampler\resampler\resampler.cpp(254): warning C4244: '=': conversion from 'float' to 'int', possible loss of data
e:\cpp_projects\resampler\resampler\resampler.cpp(273): warning C4018: '<': signed/unsigned mismatch
e:\cpp_projects\resampler\resampler\resampler.cpp(274): warning C4244: 'argument': conversion from 'int' to 'float', possible loss of data
e:\cpp_projects\resampler\resampler\resampler.cpp(278): warning C4018: '<': signed/unsigned mismatch
e:\cpp_projects\resampler\resampler\resampler.cpp(284): warning C4018: '<': signed/unsigned mismatch
e:\cpp_projects\resampler\resampler\resampler.cpp(286): warning C4244: '=': conversion from 'float' to 'int', possible loss of data
e:\cpp_projects\resampler\resampler\resampler.cpp(205): warning C4101: 'b': unreferenced local variable
e:\cpp_projects\resampler\resampler\resampler.cpp(333): warning C4244: 'initializing': conversion from 'double' to 'float', possible loss of data
  e:\cpp_projects\resampler\resampler\resampler.cpp(165): note: see reference to function template instantiation 'bool makeBigAssLPF<FloatType>(FloatType *,int,FloatType,FloatType)' being compiled
          with
          [
              FloatType=float
          ]
  e:\cpp_projects\resampler\resampler\resampler.cpp(69): note: see reference to function template instantiation 'bool Convert<float>(const std::string &,const std::string &,unsigned int,bool)' being compiled
e:\cpp_projects\resampler\resampler\resampler.cpp(339): warning C4244: '=': conversion from 'double' to 'float', possible loss of data
e:\cpp_projects\resampler\resampler\resampler.cpp(343): warning C4244: 'initializing': conversion from 'double' to 'float', possible loss of data
e:\cpp_projects\resampler\resampler\resampler.cpp(344): warning C4244: 'initializing': conversion from 'double' to 'float', possible loss of data
  ReSampler.vcxproj -> E:\CPP_Projects\ReSampler\ReSampler\x64\Debug\ReSampler.exe
